<?xml version="1.0" encoding="UTF-8"?>
<testsuite xmlns:xsi="http://www.w3.org/2001/XMLSchema-instance" xsi:noNamespaceSchemaLocation="https://maven.apache.org/surefire/maven-surefire-plugin/xsd/surefire-test-report.xsd" version="3.0.2" name="com.example.parking_management.security.audit.service.impl.AuditExportServiceImplTest" time="8.659" tests="2" errors="0" skipped="0" failures="0">
  <properties>
[...]
</properties>
  <testcase name="elCsvTieneEncabezadosComasYFilasCorrectas" classname="com.example.parking_management.security.audit.service.impl.AuditExportServiceImplTest" time="8.543"/>
  <testcase name="elJsonEsUnArregloDeObjetosConLasClavesDefinidas" classname="com.example.parking_management.security.audit.service.impl.AuditExportServiceImplTest" time="0.097"/>
</testsuite>