<?xml version="1.0" encoding="UTF-8"?>
<testsuite xmlns:xsi="http://www.w3.org/2001/XMLSchema-instance" xsi:noNamespaceSchemaLocation="https://maven.apache.org/surefire/maven-surefire-plugin/xsd/surefire-test-report.xsd" version="3.0.2" name="com.example.parking_management.selenium.SmokeUiTest" time="0.065" tests="1" errors="0" skipped="1" failures="0">
  <properties/>
  <testcase name="laAplicacionCarga" classname="com.example.parking_management.selenium.SmokeUiTest" time="0.0">
    <skipped message="Environment variable [SELENIUM_BASE_URL] does not exist"/>
  </testcase>
</testsuite>